app/build/intermediates/manifest_merge_blame_file/debug/manifest-merger-blame-debug-report.txt
1<?xml version="1.0" encoding="utf-8"?>
2<manifest xmlns:android="http://schemas.android.com/apk/res/android"
3    package="com.example.islboggle"
4    android:versionCode="1"
5    android:versionName="1.0" >
6
7    <uses-sdk
8        android:minSdkVersion="24"
9        android:targetSdkVersion="34" />
10
11    <uses-feature
11-->src\main\AndroidManifest.xml:4:5-84
12        android:name="android.hardware.camera"
12-->src\main\AndroidManifest.xml:4:19-57
13        android:required="true" />
13-->src\main\AndroidManifest.xml:4:58-81
14
15    <uses-permission android:name="android.permission.CAMERA" />
15-->src\main\AndroidManifest.xml:5:5-65
15-->src\main\AndroidManifest.xml:5:22-62
16
17    <permission
17-->[androidx.core:core:1.13.0] AndroidManifest.xml:22:5-24:47
18        android:name="com.example.islboggle.DYNAMIC_RECEIVER_NOT_EXPORTED_PERMISSION"
18-->[androidx.core:core:1.13.0] AndroidManifest.xml:23:9-81
19        android:protectionLevel="signature" />
19-->[androidx.core:core:1.13.0] AndroidManifest.xml:24:9-44
20
21    <uses-permission android:name="com.example.islboggle.DYNAMIC_RECEIVER_NOT_EXPORTED_PERMISSION" /> <!-- Although the *SdkVersion is captured in gradle build files, this is required for non gradle builds -->
21-->[androidx.core:core:1.13.0] AndroidManifest.xml:26:5-97
21-->[androidx.core:core:1.13.0] AndroidManifest.xml:26:22-94
22    <!-- <uses-sdk android:minSdkVersion="14"/> -->
23    <uses-permission android:name="android.permission.ACCESS_NETWORK_STATE" />
23-->[com.google.android.datatransport:transport-backend-cct:3.1.0] AndroidManifest.xml:25:5-79
23-->[com.google.android.datatransport:transport-backend-cct:3.1.0] AndroidManifest.xml:25:22-76
24    <uses-permission android:name="android.permission.INTERNET" />
24-->[com.google.android.datatransport:transport-backend-cct:3.1.0] AndroidManifest.xml:26:5-67
24-->[com.google.android.datatransport:transport-backend-cct:3.1.0] AndroidManifest.xml:26:22-64
25
26    <application
26-->src\main\AndroidManifest.xml:7:5-28:19
27        android:allowBackup="true"
27-->src\main\AndroidManifest.xml:8:9-35
28        android:appComponentFactory="androidx.core.app.CoreComponentFactory"
28-->[androidx.core:core:1.13.0] AndroidManifest.xml:28:18-86
29        android:debuggable="true"
30        android:extractNativeLibs="true"
30-->src\main\AndroidManifest.xml:12:9-41
31        android:icon="@mipmap/ic_launcher"
31-->src\main\AndroidManifest.xml:9:9-43
32        android:label="@string/app_name"
32-->src\main\AndroidManifest.xml:10:9-41
33        android:supportsRtl="true"
33-->src\main\AndroidManifest.xml:11:9-35
34        android:testOnly="true"
35        android:theme="@style/Theme.ISLBoggle" >
35-->src\main\AndroidManifest.xml:13:9-47
36        <activity
36-->src\main\AndroidManifest.xml:14:9-22:20
37            android:name="com.example.islboggle.ui.map.MapActivity"
37-->src\main\AndroidManifest.xml:15:13-47
38            android:exported="true"
38-->src\main\AndroidManifest.xml:16:13-36
39            android:screenOrientation="portrait" >
39-->src\main\AndroidManifest.xml:17:13-49
40            <intent-filter>
40-->src\main\AndroidManifest.xml:18:13-21:29
41                <action android:name="android.intent.action.MAIN" />
41-->src\main\AndroidManifest.xml:19:17-69
41-->src\main\AndroidManifest.xml:19:25-66
42
43                <category android:name="android.intent.category.LAUNCHER" />
43-->src\main\AndroidManifest.xml:20:17-77
43-->src\main\AndroidManifest.xml:20:27-74
44            </intent-filter>
45        </activity>
46        <activity
46-->src\main\AndroidManifest.xml:23:9-27:20
47            android:name="com.example.islboggle.ui.game.GameActivity"
47-->src\main\AndroidManifest.xml:24:13-49
48            android:exported="false"
48-->src\main\AndroidManifest.xml:25:13-37
49            android:screenOrientation="portrait" >
49-->src\main\AndroidManifest.xml:26:13-49
50        </activity>
51
52        <service
52-->[androidx.camera:camera-camera2:1.3.4] AndroidManifest.xml:24:9-33:19
53            android:name="androidx.camera.core.impl.MetadataHolderService"
53-->[androidx.camera:camera-camera2:1.3.4] AndroidManifest.xml:25:13-75
54            android:enabled="false"
54-->[androidx.camera:camera-camera2:1.3.4] AndroidManifest.xml:26:13-36
55            android:exported="false" >
55-->[androidx.camera:camera-camera2:1.3.4] AndroidManifest.xml:27:13-37
56            <meta-data
56-->[androidx.camera:camera-camera2:1.3.4] AndroidManifest.xml:30:13-32:89
57                android:name="androidx.camera.core.impl.MetadataHolderService.DEFAULT_CONFIG_PROVIDER"
57-->[androidx.camera:camera-camera2:1.3.4] AndroidManifest.xml:31:17-103
58                android:value="androidx.camera.camera2.Camera2Config$DefaultProvider" />
58-->[androidx.camera:camera-camera2:1.3.4] AndroidManifest.xml:32:17-86
59        </service>
60
61        <provider
61-->[androidx.emoji2:emoji2:1.3.0] AndroidManifest.xml:24:9-32:20
62            android:name="androidx.startup.InitializationProvider"
62-->[androidx.emoji2:emoji2:1.3.0] AndroidManifest.xml:25:13-67
63            android:authorities="com.example.islboggle.androidx-startup"
63-->[androidx.emoji2:emoji2:1.3.0] AndroidManifest.xml:26:13-68
64            android:exported="false" >
64-->[androidx.emoji2:emoji2:1.3.0] AndroidManifest.xml:27:13-37
65            <meta-data
65-->[androidx.emoji2:emoji2:1.3.0] AndroidManifest.xml:29:13-31:52
66                android:name="androidx.emoji2.text.EmojiCompatInitializer"
66-->[androidx.emoji2:emoji2:1.3.0] AndroidManifest.xml:30:17-75
67                android:value="androidx.startup" />
67-->[androidx.emoji2:emoji2:1.3.0] AndroidManifest.xml:31:17-49
68            <meta-data
68-->[androidx.lifecycle:lifecycle-process:2.6.2] AndroidManifest.xml:29:13-31:52
69                android:name="androidx.lifecycle.ProcessLifecycleInitializer"
69-->[androidx.lifecycle:lifecycle-process:2.6.2] AndroidManifest.xml:30:17-78
70                android:value="androidx.startup" />
70-->[androidx.lifecycle:lifecycle-process:2.6.2] AndroidManifest.xml:31:17-49
71            <meta-data
71-->[androidx.profileinstaller:profileinstaller:1.3.1] AndroidManifest.xml:29:13-31:52
72                android:name="androidx.profileinstaller.ProfileInstallerInitializer"
72-->[androidx.profileinstaller:profileinstaller:1.3.1] AndroidManifest.xml:30:17-85
73                android:value="androidx.startup" />
73-->[androidx.profileinstaller:profileinstaller:1.3.1] AndroidManifest.xml:31:17-49
74        </provider>
75
76        <receiver
76-->[androidx.profileinstaller:profileinstaller:1.3.1] AndroidManifest.xml:34:9-52:20
77            android:name="androidx.profileinstaller.ProfileInstallReceiver"
77-->[androidx.profileinstaller:profileinstaller:1.3.1] AndroidManifest.xml:35:13-76
78            android:directBootAware="false"
78-->[androidx.profileinstaller:profileinstaller:1.3.1] AndroidManifest.xml:36:13-44
79            android:enabled="true"
79-->[androidx.profileinstaller:profileinstaller:1.3.1] AndroidManifest.xml:37:13-35
80            android:exported="true"
80-->[androidx.profileinstaller:profileinstaller:1.3.1] AndroidManifest.xml:38:13-36
81            android:permission="android.permission.DUMP" >
81-->[androidx.profileinstaller:profileinstaller:1.3.1] AndroidManifest.xml:39:13-57
82            <intent-filter>
82-->[androidx.profileinstaller:profileinstaller:1.3.1] AndroidManifest.xml:40:13-42:29
83                <action android:name="androidx.profileinstaller.action.INSTALL_PROFILE" />
83-->[androidx.profileinstaller:profileinstaller:1.3.1] AndroidManifest.xml:41:17-91
83-->[androidx.profileinstaller:profileinstaller:1.3.1] AndroidManifest.xml:41:25-88
84            </intent-filter>
85            <intent-filter>
85-->[androidx.profileinstaller:profileinstaller:1.3.1] AndroidManifest.xml:43:13-45:29
86                <action android:name="androidx.profileinstaller.action.SKIP_FILE" />
86-->[androidx.profileinstaller:profileinstaller:1.3.1] AndroidManifest.xml:44:17-85
86-->[androidx.profileinstaller:profileinstaller:1.3.1] AndroidManifest.xml:44:25-82
87            </intent-filter>
88            <intent-filter>
88-->[androidx.profileinstaller:profileinstaller:1.3.1] AndroidManifest.xml:46:13-48:29
89                <action android:name="androidx.profileinstaller.action.SAVE_PROFILE" />
89-->[androidx.profileinstaller:profileinstaller:1.3.1] AndroidManifest.xml:47:17-88
89-->[androidx.profileinstaller:profileinstaller:1.3.1] AndroidManifest.xml:47:25-85
90            </intent-filter>
91            <intent-filter>
91-->[androidx.profileinstaller:profileinstaller:1.3.1] AndroidManifest.xml:49:13-51:29
92                <action android:name="androidx.profileinstaller.action.BENCHMARK_OPERATION" />
92-->[androidx.profileinstaller:profileinstaller:1.3.1] AndroidManifest.xml:50:17-95
92-->[androidx.profileinstaller:profileinstaller:1.3.1] AndroidManifest.xml:50:25-92
93            </intent-filter>
94        </receiver>
95
96        <service
96-->[com.google.android.datatransport:transport-backend-cct:3.1.0] AndroidManifest.xml:29:9-35:19
97            android:name="com.google.android.datatransport.runtime.backends.TransportBackendDiscovery"
97-->[com.google.android.datatransport:transport-backend-cct:3.1.0] AndroidManifest.xml:30:13-103
98            android:exported="false" >
98-->[com.google.android.datatransport:transport-backend-cct:3.1.0] AndroidManifest.xml:31:13-37
99            <meta-data
99-->[com.google.android.datatransport:transport-backend-cct:3.1.0] AndroidManifest.xml:32:13-34:39
100                android:name="backend:com.google.android.datatransport.cct.CctBackendFactory"
100-->[com.google.android.datatransport:transport-backend-cct:3.1.0] AndroidManifest.xml:33:17-94
101                android:value="cct" />
101-->[com.google.android.datatransport:transport-backend-cct:3.1.0] AndroidManifest.xml:34:17-36
102        </service>
103        <service
103-->[com.google.android.datatransport:transport-runtime:3.1.0] AndroidManifest.xml:26:9-30:19
104            android:name="com.google.android.datatransport.runtime.scheduling.jobscheduling.JobInfoSchedulerService"
104-->[com.google.android.datatransport:transport-runtime:3.1.0] AndroidManifest.xml:27:13-117
105            android:exported="false"
105-->[com.google.android.datatransport:transport-runtime:3.1.0] AndroidManifest.xml:28:13-37
106            android:permission="android.permission.BIND_JOB_SERVICE" >
106-->[com.google.android.datatransport:transport-runtime:3.1.0] AndroidManifest.xml:29:13-69
107        </service>
108
109        <receiver
109-->[com.google.android.datatransport:transport-runtime:3.1.0] AndroidManifest.xml:32:9-34:40
110            android:name="com.google.android.datatransport.runtime.scheduling.jobscheduling.AlarmManagerSchedulerBroadcastReceiver"
110-->[com.google.android.datatransport:transport-runtime:3.1.0] AndroidManifest.xml:33:13-132
111            android:exported="false" />
111-->[com.google.android.datatransport:transport-runtime:3.1.0] AndroidManifest.xml:34:13-37
112    </application>
113
114</manifest>